{"C:\\MyFile\\Chula\\Year1-2\\SE\\cedt-se-project-take-some-rest\\backend\\controllers\\auth.js": {"path":"C:\\MyFile\\Chula\\Year1-2\\SE\\cedt-se-project-take-some-rest\\backend\\controllers\\auth.js","statementMap":{"0":{"start":{"line":1,"column":13},"end":{"line":1,"column":38}},"1":{"start":{"line":2,"column":12},"end":{"line":2,"column":36}},"2":{"start":{"line":3,"column":12},"end":{"line":3,"column":35}},"3":{"start":{"line":6,"column":26},"end":{"line":25,"column":1}},"4":{"start":{"line":8,"column":16},"end":{"line":8,"column":40}},"5":{"start":{"line":10,"column":18},"end":{"line":15,"column":3}},"6":{"start":{"line":17,"column":2},"end":{"line":19,"column":3}},"7":{"start":{"line":18,"column":4},"end":{"line":18,"column":25}},"8":{"start":{"line":21,"column":2},"end":{"line":24,"column":35}},"9":{"start":{"line":30,"column":0},"end":{"line":85,"column":1}},"10":{"start":{"line":31,"column":2},"end":{"line":84,"column":3}},"11":{"start":{"line":32,"column":49},"end":{"line":32,"column":57}},"12":{"start":{"line":34,"column":4},"end":{"line":39,"column":5}},"13":{"start":{"line":35,"column":6},"end":{"line":38,"column":8}},"14":{"start":{"line":41,"column":22},"end":{"line":48,"column":5}},"15":{"start":{"line":51,"column":31},"end":{"line":51,"column":50}},"16":{"start":{"line":52,"column":18},"end":{"line":52,"column":51}},"17":{"start":{"line":53,"column":4},"end":{"line":57,"column":5}},"18":{"start":{"line":54,"column":6},"end":{"line":56,"column":72}},"19":{"start":{"line":60,"column":31},"end":{"line":62,"column":6}},"20":{"start":{"line":63,"column":4},"end":{"line":68,"column":5}},"21":{"start":{"line":64,"column":6},"end":{"line":67,"column":8}},"22":{"start":{"line":71,"column":17},"end":{"line":71,"column":45}},"23":{"start":{"line":74,"column":16},"end":{"line":74,"column":68}},"24":{"start":{"line":75,"column":4},"end":{"line":79,"column":5}},"25":{"start":{"line":76,"column":6},"end":{"line":78,"column":78}},"26":{"start":{"line":81,"column":4},"end":{"line":81,"column":37}},"27":{"start":{"line":83,"column":4},"end":{"line":83,"column":44}},"28":{"start":{"line":90,"column":0},"end":{"line":126,"column":1}},"29":{"start":{"line":91,"column":30},"end":{"line":91,"column":38}},"30":{"start":{"line":94,"column":2},"end":{"line":98,"column":3}},"31":{"start":{"line":95,"column":4},"end":{"line":97,"column":77}},"32":{"start":{"line":100,"column":15},"end":{"line":100,"column":64}},"33":{"start":{"line":103,"column":2},"end":{"line":107,"column":3}},"34":{"start":{"line":104,"column":4},"end":{"line":106,"column":63}},"35":{"start":{"line":110,"column":18},"end":{"line":110,"column":52}},"36":{"start":{"line":112,"column":2},"end":{"line":116,"column":3}},"37":{"start":{"line":113,"column":4},"end":{"line":115,"column":63}},"38":{"start":{"line":118,"column":14},"end":{"line":118,"column":66}},"39":{"start":{"line":119,"column":2},"end":{"line":123,"column":3}},"40":{"start":{"line":120,"column":4},"end":{"line":122,"column":76}},"41":{"start":{"line":125,"column":2},"end":{"line":125,"column":35}},"42":{"start":{"line":131,"column":0},"end":{"line":171,"column":1}},"43":{"start":{"line":135,"column":2},"end":{"line":140,"column":3}},"44":{"start":{"line":139,"column":4},"end":{"line":139,"column":51}},"45":{"start":{"line":142,"column":2},"end":{"line":147,"column":3}},"46":{"start":{"line":143,"column":4},"end":{"line":146,"column":6}},"47":{"start":{"line":150,"column":17},"end":{"line":153,"column":3}},"48":{"start":{"line":154,"column":14},"end":{"line":154,"column":69}},"49":{"start":{"line":155,"column":2},"end":{"line":159,"column":3}},"50":{"start":{"line":156,"column":4},"end":{"line":158,"column":77}},"51":{"start":{"line":162,"column":2},"end":{"line":165,"column":4}},"52":{"start":{"line":167,"column":2},"end":{"line":170,"column":4}}},"fnMap":{"0":{"name":"(anonymous_0)","decl":{"start":{"line":6,"column":26},"end":{"line":6,"column":27}},"loc":{"start":{"line":6,"column":53},"end":{"line":25,"column":1}},"line":6},"1":{"name":"(anonymous_1)","decl":{"start":{"line":30,"column":19},"end":{"line":30,"column":20}},"loc":{"start":{"line":30,"column":45},"end":{"line":85,"column":1}},"line":30},"2":{"name":"(anonymous_2)","decl":{"start":{"line":90,"column":16},"end":{"line":90,"column":17}},"loc":{"start":{"line":90,"column":42},"end":{"line":126,"column":1}},"line":90},"3":{"name":"(anonymous_3)","decl":{"start":{"line":131,"column":17},"end":{"line":131,"column":18}},"loc":{"start":{"line":131,"column":43},"end":{"line":171,"column":1}},"line":131}},"branchMap":{"0":{"loc":{"start":{"line":17,"column":2},"end":{"line":19,"column":3}},"type":"if","locations":[{"start":{"line":17,"column":2},"end":{"line":19,"column":3}},{"start":{},"end":{}}],"line":17},"1":{"loc":{"start":{"line":34,"column":4},"end":{"line":39,"column":5}},"type":"if","locations":[{"start":{"line":34,"column":4},"end":{"line":39,"column":5}},{"start":{},"end":{}}],"line":34},"2":{"loc":{"start":{"line":34,"column":8},"end":{"line":34,"column":53}},"type":"binary-expr","locations":[{"start":{"line":34,"column":8},"end":{"line":34,"column":13}},{"start":{"line":34,"column":17},"end":{"line":34,"column":21}},{"start":{"line":34,"column":25},"end":{"line":34,"column":31}},{"start":{"line":34,"column":35},"end":{"line":34,"column":44}},{"start":{"line":34,"column":48},"end":{"line":34,"column":53}}],"line":34},"3":{"loc":{"start":{"line":53,"column":4},"end":{"line":57,"column":5}},"type":"if","locations":[{"start":{"line":53,"column":4},"end":{"line":57,"column":5}},{"start":{},"end":{}}],"line":53},"4":{"loc":{"start":{"line":63,"column":4},"end":{"line":68,"column":5}},"type":"if","locations":[{"start":{"line":63,"column":4},"end":{"line":68,"column":5}},{"start":{},"end":{}}],"line":63},"5":{"loc":{"start":{"line":75,"column":4},"end":{"line":79,"column":5}},"type":"if","locations":[{"start":{"line":75,"column":4},"end":{"line":79,"column":5}},{"start":{},"end":{}}],"line":75},"6":{"loc":{"start":{"line":94,"column":2},"end":{"line":98,"column":3}},"type":"if","locations":[{"start":{"line":94,"column":2},"end":{"line":98,"column":3}},{"start":{},"end":{}}],"line":94},"7":{"loc":{"start":{"line":94,"column":6},"end":{"line":94,"column":25}},"type":"binary-expr","locations":[{"start":{"line":94,"column":6},"end":{"line":94,"column":12}},{"start":{"line":94,"column":16},"end":{"line":94,"column":25}}],"line":94},"8":{"loc":{"start":{"line":103,"column":2},"end":{"line":107,"column":3}},"type":"if","locations":[{"start":{"line":103,"column":2},"end":{"line":107,"column":3}},{"start":{},"end":{}}],"line":103},"9":{"loc":{"start":{"line":112,"column":2},"end":{"line":116,"column":3}},"type":"if","locations":[{"start":{"line":112,"column":2},"end":{"line":116,"column":3}},{"start":{},"end":{}}],"line":112},"10":{"loc":{"start":{"line":119,"column":2},"end":{"line":123,"column":3}},"type":"if","locations":[{"start":{"line":119,"column":2},"end":{"line":123,"column":3}},{"start":{},"end":{}}],"line":119},"11":{"loc":{"start":{"line":135,"column":2},"end":{"line":140,"column":3}},"type":"if","locations":[{"start":{"line":135,"column":2},"end":{"line":140,"column":3}},{"start":{},"end":{}}],"line":135},"12":{"loc":{"start":{"line":136,"column":4},"end":{"line":137,"column":50}},"type":"binary-expr","locations":[{"start":{"line":136,"column":4},"end":{"line":136,"column":29}},{"start":{"line":137,"column":4},"end":{"line":137,"column":50}}],"line":136},"13":{"loc":{"start":{"line":142,"column":2},"end":{"line":147,"column":3}},"type":"if","locations":[{"start":{"line":142,"column":2},"end":{"line":147,"column":3}},{"start":{},"end":{}}],"line":142},"14":{"loc":{"start":{"line":142,"column":6},"end":{"line":142,"column":31}},"type":"binary-expr","locations":[{"start":{"line":142,"column":6},"end":{"line":142,"column":12}},{"start":{"line":142,"column":16},"end":{"line":142,"column":31}}],"line":142},"15":{"loc":{"start":{"line":155,"column":2},"end":{"line":159,"column":3}},"type":"if","locations":[{"start":{"line":155,"column":2},"end":{"line":159,"column":3}},{"start":{},"end":{}}],"line":155}},"s":{"0":2,"1":2,"2":2,"3":2,"4":7,"5":7,"6":7,"7":0,"8":7,"9":2,"10":0,"11":0,"12":0,"13":0,"14":0,"15":0,"16":0,"17":0,"18":0,"19":0,"20":0,"21":0,"22":0,"23":0,"24":0,"25":0,"26":0,"27":0,"28":2,"29":7,"30":7,"31":0,"32":7,"33":7,"34":0,"35":7,"36":7,"37":0,"38":7,"39":7,"40":0,"41":7,"42":2,"43":6,"44":6,"45":6,"46":0,"47":6,"48":6,"49":6,"50":0,"51":6,"52":6},"f":{"0":7,"1":0,"2":7,"3":6},"b":{"0":[0,7],"1":[0,0],"2":[0,0,0,0,0],"3":[0,0],"4":[0,0],"5":[0,0],"6":[0,7],"7":[7,7],"8":[0,7],"9":[0,7],"10":[0,7],"11":[6,0],"12":[6,6],"13":[0,6],"14":[6,6],"15":[0,6]},"_coverageSchema":"1a1c01bbd47fc00a2c39e90264f33305004495a9","hash":"beb81e515d06ba7a0f7118caee936d39849e913f"}
,"C:\\MyFile\\Chula\\Year1-2\\SE\\cedt-se-project-take-some-rest\\backend\\controllers\\reviews.js": {"path":"C:\\MyFile\\Chula\\Year1-2\\SE\\cedt-se-project-take-some-rest\\backend\\controllers\\reviews.js","statementMap":{"0":{"start":{"line":1,"column":19},"end":{"line":1,"column":50}},"1":{"start":{"line":2,"column":15},"end":{"line":2,"column":42}},"2":{"start":{"line":3,"column":13},"end":{"line":3,"column":38}},"3":{"start":{"line":8,"column":0},"end":{"line":100,"column":1}},"4":{"start":{"line":9,"column":2},"end":{"line":99,"column":3}},"5":{"start":{"line":13,"column":21},"end":{"line":13,"column":37}},"6":{"start":{"line":16,"column":25},"end":{"line":16,"column":60}},"7":{"start":{"line":19,"column":4},"end":{"line":19,"column":59}},"8":{"start":{"line":19,"column":36},"end":{"line":19,"column":58}},"9":{"start":{"line":21,"column":4},"end":{"line":23,"column":5}},"10":{"start":{"line":22,"column":6},"end":{"line":22,"column":68}},"11":{"start":{"line":25,"column":19},"end":{"line":25,"column":43}},"12":{"start":{"line":28,"column":4},"end":{"line":31,"column":5}},"13":{"start":{"line":30,"column":17},"end":{"line":30,"column":28}},"14":{"start":{"line":33,"column":4},"end":{"line":33,"column":35}},"15":{"start":{"line":35,"column":4},"end":{"line":37,"column":5}},"16":{"start":{"line":36,"column":6},"end":{"line":36,"column":43}},"17":{"start":{"line":39,"column":4},"end":{"line":47,"column":8}},"18":{"start":{"line":49,"column":4},"end":{"line":52,"column":5}},"19":{"start":{"line":50,"column":21},"end":{"line":50,"column":58}},"20":{"start":{"line":51,"column":6},"end":{"line":51,"column":34}},"21":{"start":{"line":54,"column":4},"end":{"line":59,"column":5}},"22":{"start":{"line":55,"column":21},"end":{"line":55,"column":56}},"23":{"start":{"line":56,"column":6},"end":{"line":56,"column":32}},"24":{"start":{"line":58,"column":6},"end":{"line":58,"column":38}},"25":{"start":{"line":61,"column":17},"end":{"line":61,"column":50}},"26":{"start":{"line":62,"column":18},"end":{"line":62,"column":53}},"27":{"start":{"line":63,"column":23},"end":{"line":63,"column":41}},"28":{"start":{"line":64,"column":21},"end":{"line":64,"column":33}},"29":{"start":{"line":65,"column":18},"end":{"line":65,"column":47}},"30":{"start":{"line":67,"column":4},"end":{"line":67,"column":47}},"31":{"start":{"line":70,"column":20},"end":{"line":70,"column":31}},"32":{"start":{"line":73,"column":23},"end":{"line":73,"column":25}},"33":{"start":{"line":76,"column":4},"end":{"line":81,"column":5}},"34":{"start":{"line":77,"column":6},"end":{"line":80,"column":7}},"35":{"start":{"line":83,"column":4},"end":{"line":88,"column":5}},"36":{"start":{"line":84,"column":6},"end":{"line":87,"column":7}},"37":{"start":{"line":90,"column":4},"end":{"line":95,"column":6}},"38":{"start":{"line":97,"column":4},"end":{"line":97,"column":20}},"39":{"start":{"line":98,"column":4},"end":{"line":98,"column":67}},"40":{"start":{"line":105,"column":0},"end":{"line":208,"column":1}},"41":{"start":{"line":106,"column":2},"end":{"line":207,"column":3}},"42":{"start":{"line":110,"column":21},"end":{"line":110,"column":37}},"43":{"start":{"line":113,"column":25},"end":{"line":113,"column":60}},"44":{"start":{"line":116,"column":4},"end":{"line":116,"column":59}},"45":{"start":{"line":116,"column":36},"end":{"line":116,"column":58}},"46":{"start":{"line":118,"column":4},"end":{"line":120,"column":5}},"47":{"start":{"line":119,"column":6},"end":{"line":119,"column":68}},"48":{"start":{"line":122,"column":19},"end":{"line":122,"column":43}},"49":{"start":{"line":125,"column":4},"end":{"line":128,"column":5}},"50":{"start":{"line":127,"column":17},"end":{"line":127,"column":28}},"51":{"start":{"line":130,"column":4},"end":{"line":130,"column":35}},"52":{"start":{"line":132,"column":4},"end":{"line":145,"column":5}},"53":{"start":{"line":133,"column":27},"end":{"line":135,"column":22}},"54":{"start":{"line":137,"column":30},"end":{"line":137,"column":32}},"55":{"start":{"line":138,"column":6},"end":{"line":140,"column":7}},"56":{"start":{"line":139,"column":8},"end":{"line":139,"column":49}},"57":{"start":{"line":142,"column":6},"end":{"line":144,"column":7}},"58":{"start":{"line":147,"column":4},"end":{"line":155,"column":8}},"59":{"start":{"line":157,"column":4},"end":{"line":160,"column":5}},"60":{"start":{"line":158,"column":21},"end":{"line":158,"column":58}},"61":{"start":{"line":159,"column":6},"end":{"line":159,"column":34}},"62":{"start":{"line":162,"column":4},"end":{"line":167,"column":5}},"63":{"start":{"line":163,"column":21},"end":{"line":163,"column":56}},"64":{"start":{"line":164,"column":6},"end":{"line":164,"column":32}},"65":{"start":{"line":166,"column":6},"end":{"line":166,"column":38}},"66":{"start":{"line":169,"column":17},"end":{"line":169,"column":50}},"67":{"start":{"line":170,"column":18},"end":{"line":170,"column":53}},"68":{"start":{"line":171,"column":23},"end":{"line":171,"column":41}},"69":{"start":{"line":172,"column":21},"end":{"line":172,"column":33}},"70":{"start":{"line":173,"column":18},"end":{"line":173,"column":47}},"71":{"start":{"line":175,"column":4},"end":{"line":175,"column":47}},"72":{"start":{"line":178,"column":20},"end":{"line":178,"column":31}},"73":{"start":{"line":181,"column":23},"end":{"line":181,"column":25}},"74":{"start":{"line":184,"column":4},"end":{"line":189,"column":5}},"75":{"start":{"line":185,"column":6},"end":{"line":188,"column":7}},"76":{"start":{"line":191,"column":4},"end":{"line":196,"column":5}},"77":{"start":{"line":192,"column":6},"end":{"line":195,"column":7}},"78":{"start":{"line":198,"column":4},"end":{"line":203,"column":6}},"79":{"start":{"line":206,"column":4},"end":{"line":206,"column":67}},"80":{"start":{"line":213,"column":0},"end":{"line":307,"column":1}},"81":{"start":{"line":214,"column":2},"end":{"line":306,"column":3}},"82":{"start":{"line":218,"column":21},"end":{"line":218,"column":37}},"83":{"start":{"line":221,"column":25},"end":{"line":221,"column":60}},"84":{"start":{"line":224,"column":4},"end":{"line":224,"column":59}},"85":{"start":{"line":224,"column":36},"end":{"line":224,"column":58}},"86":{"start":{"line":226,"column":4},"end":{"line":228,"column":5}},"87":{"start":{"line":227,"column":6},"end":{"line":227,"column":68}},"88":{"start":{"line":230,"column":19},"end":{"line":230,"column":43}},"89":{"start":{"line":233,"column":4},"end":{"line":236,"column":5}},"90":{"start":{"line":235,"column":17},"end":{"line":235,"column":28}},"91":{"start":{"line":238,"column":4},"end":{"line":238,"column":35}},"92":{"start":{"line":240,"column":4},"end":{"line":240,"column":28}},"93":{"start":{"line":242,"column":4},"end":{"line":244,"column":5}},"94":{"start":{"line":243,"column":6},"end":{"line":243,"column":43}},"95":{"start":{"line":246,"column":4},"end":{"line":254,"column":8}},"96":{"start":{"line":256,"column":4},"end":{"line":259,"column":5}},"97":{"start":{"line":257,"column":21},"end":{"line":257,"column":58}},"98":{"start":{"line":258,"column":6},"end":{"line":258,"column":34}},"99":{"start":{"line":261,"column":4},"end":{"line":266,"column":5}},"100":{"start":{"line":262,"column":21},"end":{"line":262,"column":56}},"101":{"start":{"line":263,"column":6},"end":{"line":263,"column":32}},"102":{"start":{"line":265,"column":6},"end":{"line":265,"column":38}},"103":{"start":{"line":268,"column":17},"end":{"line":268,"column":50}},"104":{"start":{"line":269,"column":18},"end":{"line":269,"column":53}},"105":{"start":{"line":270,"column":23},"end":{"line":270,"column":41}},"106":{"start":{"line":271,"column":21},"end":{"line":271,"column":33}},"107":{"start":{"line":272,"column":18},"end":{"line":272,"column":47}},"108":{"start":{"line":274,"column":4},"end":{"line":274,"column":47}},"109":{"start":{"line":277,"column":20},"end":{"line":277,"column":31}},"110":{"start":{"line":280,"column":23},"end":{"line":280,"column":25}},"111":{"start":{"line":283,"column":4},"end":{"line":288,"column":5}},"112":{"start":{"line":284,"column":6},"end":{"line":287,"column":7}},"113":{"start":{"line":290,"column":4},"end":{"line":295,"column":5}},"114":{"start":{"line":291,"column":6},"end":{"line":294,"column":7}},"115":{"start":{"line":297,"column":4},"end":{"line":302,"column":6}},"116":{"start":{"line":304,"column":4},"end":{"line":304,"column":20}},"117":{"start":{"line":305,"column":4},"end":{"line":305,"column":67}},"118":{"start":{"line":312,"column":0},"end":{"line":338,"column":1}},"119":{"start":{"line":313,"column":2},"end":{"line":337,"column":3}},"120":{"start":{"line":314,"column":19},"end":{"line":322,"column":8}},"121":{"start":{"line":324,"column":4},"end":{"line":329,"column":5}},"122":{"start":{"line":325,"column":6},"end":{"line":328,"column":8}},"123":{"start":{"line":331,"column":4},"end":{"line":334,"column":6}},"124":{"start":{"line":336,"column":4},"end":{"line":336,"column":67}},"125":{"start":{"line":343,"column":0},"end":{"line":396,"column":1}},"126":{"start":{"line":344,"column":2},"end":{"line":395,"column":3}},"127":{"start":{"line":346,"column":31},"end":{"line":346,"column":39}},"128":{"start":{"line":347,"column":4},"end":{"line":351,"column":5}},"129":{"start":{"line":348,"column":6},"end":{"line":350,"column":64}},"130":{"start":{"line":353,"column":17},"end":{"line":358,"column":5}},"131":{"start":{"line":360,"column":26},"end":{"line":362,"column":6}},"132":{"start":{"line":364,"column":4},"end":{"line":368,"column":5}},"133":{"start":{"line":365,"column":6},"end":{"line":367,"column":73}},"134":{"start":{"line":372,"column":21},"end":{"line":372,"column":47}},"135":{"start":{"line":373,"column":4},"end":{"line":386,"column":5}},"136":{"start":{"line":374,"column":20},"end":{"line":374,"column":79}},"137":{"start":{"line":375,"column":21},"end":{"line":375,"column":61}},"138":{"start":{"line":377,"column":19},"end":{"line":384,"column":7}},"139":{"start":{"line":389,"column":19},"end":{"line":389,"column":44}},"140":{"start":{"line":391,"column":4},"end":{"line":391,"column":64}},"141":{"start":{"line":394,"column":4},"end":{"line":394,"column":51}},"142":{"start":{"line":401,"column":0},"end":{"line":447,"column":1}},"143":{"start":{"line":402,"column":2},"end":{"line":446,"column":3}},"144":{"start":{"line":403,"column":19},"end":{"line":403,"column":57}},"145":{"start":{"line":405,"column":4},"end":{"line":409,"column":5}},"146":{"start":{"line":406,"column":6},"end":{"line":408,"column":69}},"147":{"start":{"line":411,"column":4},"end":{"line":416,"column":5}},"148":{"start":{"line":412,"column":6},"end":{"line":415,"column":8}},"149":{"start":{"line":418,"column":26},"end":{"line":420,"column":6}},"150":{"start":{"line":423,"column":21},"end":{"line":423,"column":47}},"151":{"start":{"line":425,"column":18},"end":{"line":425,"column":79}},"152":{"start":{"line":427,"column":4},"end":{"line":428,"column":70}},"153":{"start":{"line":427,"column":20},"end":{"line":427,"column":35}},"154":{"start":{"line":428,"column":9},"end":{"line":428,"column":70}},"155":{"start":{"line":429,"column":17},"end":{"line":436,"column":5}},"156":{"start":{"line":440,"column":4},"end":{"line":440,"column":28}},"157":{"start":{"line":442,"column":4},"end":{"line":442,"column":60}},"158":{"start":{"line":445,"column":4},"end":{"line":445,"column":51}},"159":{"start":{"line":452,"column":0},"end":{"line":495,"column":1}},"160":{"start":{"line":453,"column":2},"end":{"line":494,"column":3}},"161":{"start":{"line":454,"column":19},"end":{"line":457,"column":6}},"162":{"start":{"line":458,"column":4},"end":{"line":463,"column":5}},"163":{"start":{"line":459,"column":6},"end":{"line":462,"column":8}},"164":{"start":{"line":466,"column":4},"end":{"line":471,"column":5}},"165":{"start":{"line":467,"column":6},"end":{"line":470,"column":8}},"166":{"start":{"line":474,"column":4},"end":{"line":479,"column":5}},"167":{"start":{"line":475,"column":6},"end":{"line":478,"column":8}},"168":{"start":{"line":481,"column":23},"end":{"line":488,"column":5}},"169":{"start":{"line":490,"column":4},"end":{"line":490,"column":68}},"170":{"start":{"line":493,"column":4},"end":{"line":493,"column":51}},"171":{"start":{"line":500,"column":0},"end":{"line":523,"column":1}},"172":{"start":{"line":501,"column":2},"end":{"line":522,"column":3}},"173":{"start":{"line":502,"column":23},"end":{"line":509,"column":5}},"174":{"start":{"line":511,"column":4},"end":{"line":516,"column":5}},"175":{"start":{"line":512,"column":6},"end":{"line":515,"column":8}},"176":{"start":{"line":518,"column":4},"end":{"line":518,"column":68}},"177":{"start":{"line":520,"column":4},"end":{"line":520,"column":26}},"178":{"start":{"line":521,"column":4},"end":{"line":521,"column":51}}},"fnMap":{"0":{"name":"(anonymous_0)","decl":{"start":{"line":8,"column":21},"end":{"line":8,"column":22}},"loc":{"start":{"line":8,"column":47},"end":{"line":100,"column":1}},"line":8},"1":{"name":"(anonymous_1)","decl":{"start":{"line":19,"column":25},"end":{"line":19,"column":26}},"loc":{"start":{"line":19,"column":36},"end":{"line":19,"column":58}},"line":19},"2":{"name":"(anonymous_2)","decl":{"start":{"line":30,"column":6},"end":{"line":30,"column":7}},"loc":{"start":{"line":30,"column":17},"end":{"line":30,"column":28}},"line":30},"3":{"name":"(anonymous_3)","decl":{"start":{"line":105,"column":33},"end":{"line":105,"column":34}},"loc":{"start":{"line":105,"column":59},"end":{"line":208,"column":1}},"line":105},"4":{"name":"(anonymous_4)","decl":{"start":{"line":116,"column":25},"end":{"line":116,"column":26}},"loc":{"start":{"line":116,"column":36},"end":{"line":116,"column":58}},"line":116},"5":{"name":"(anonymous_5)","decl":{"start":{"line":127,"column":6},"end":{"line":127,"column":7}},"loc":{"start":{"line":127,"column":17},"end":{"line":127,"column":28}},"line":127},"6":{"name":"(anonymous_6)","decl":{"start":{"line":213,"column":29},"end":{"line":213,"column":30}},"loc":{"start":{"line":213,"column":55},"end":{"line":307,"column":1}},"line":213},"7":{"name":"(anonymous_7)","decl":{"start":{"line":224,"column":25},"end":{"line":224,"column":26}},"loc":{"start":{"line":224,"column":36},"end":{"line":224,"column":58}},"line":224},"8":{"name":"(anonymous_8)","decl":{"start":{"line":235,"column":6},"end":{"line":235,"column":7}},"loc":{"start":{"line":235,"column":17},"end":{"line":235,"column":28}},"line":235},"9":{"name":"(anonymous_9)","decl":{"start":{"line":312,"column":20},"end":{"line":312,"column":21}},"loc":{"start":{"line":312,"column":46},"end":{"line":338,"column":1}},"line":312},"10":{"name":"(anonymous_10)","decl":{"start":{"line":343,"column":23},"end":{"line":343,"column":24}},"loc":{"start":{"line":343,"column":49},"end":{"line":396,"column":1}},"line":343},"11":{"name":"(anonymous_11)","decl":{"start":{"line":401,"column":23},"end":{"line":401,"column":24}},"loc":{"start":{"line":401,"column":49},"end":{"line":447,"column":1}},"line":401},"12":{"name":"(anonymous_12)","decl":{"start":{"line":452,"column":23},"end":{"line":452,"column":24}},"loc":{"start":{"line":452,"column":49},"end":{"line":495,"column":1}},"line":452},"13":{"name":"(anonymous_13)","decl":{"start":{"line":500,"column":32},"end":{"line":500,"column":33}},"loc":{"start":{"line":500,"column":58},"end":{"line":523,"column":1}},"line":500}},"branchMap":{"0":{"loc":{"start":{"line":21,"column":4},"end":{"line":23,"column":5}},"type":"if","locations":[{"start":{"line":21,"column":4},"end":{"line":23,"column":5}},{"start":{},"end":{}}],"line":21},"1":{"loc":{"start":{"line":35,"column":4},"end":{"line":37,"column":5}},"type":"if","locations":[{"start":{"line":35,"column":4},"end":{"line":37,"column":5}},{"start":{},"end":{}}],"line":35},"2":{"loc":{"start":{"line":49,"column":4},"end":{"line":52,"column":5}},"type":"if","locations":[{"start":{"line":49,"column":4},"end":{"line":52,"column":5}},{"start":{},"end":{}}],"line":49},"3":{"loc":{"start":{"line":54,"column":4},"end":{"line":59,"column":5}},"type":"if","locations":[{"start":{"line":54,"column":4},"end":{"line":59,"column":5}},{"start":{"line":57,"column":11},"end":{"line":59,"column":5}}],"line":54},"4":{"loc":{"start":{"line":61,"column":17},"end":{"line":61,"column":50}},"type":"binary-expr","locations":[{"start":{"line":61,"column":17},"end":{"line":61,"column":45}},{"start":{"line":61,"column":49},"end":{"line":61,"column":50}}],"line":61},"5":{"loc":{"start":{"line":62,"column":18},"end":{"line":62,"column":53}},"type":"binary-expr","locations":[{"start":{"line":62,"column":18},"end":{"line":62,"column":47}},{"start":{"line":62,"column":51},"end":{"line":62,"column":53}}],"line":62},"6":{"loc":{"start":{"line":76,"column":4},"end":{"line":81,"column":5}},"type":"if","locations":[{"start":{"line":76,"column":4},"end":{"line":81,"column":5}},{"start":{},"end":{}}],"line":76},"7":{"loc":{"start":{"line":83,"column":4},"end":{"line":88,"column":5}},"type":"if","locations":[{"start":{"line":83,"column":4},"end":{"line":88,"column":5}},{"start":{},"end":{}}],"line":83},"8":{"loc":{"start":{"line":118,"column":4},"end":{"line":120,"column":5}},"type":"if","locations":[{"start":{"line":118,"column":4},"end":{"line":120,"column":5}},{"start":{},"end":{}}],"line":118},"9":{"loc":{"start":{"line":132,"column":4},"end":{"line":145,"column":5}},"type":"if","locations":[{"start":{"line":132,"column":4},"end":{"line":145,"column":5}},{"start":{},"end":{}}],"line":132},"10":{"loc":{"start":{"line":157,"column":4},"end":{"line":160,"column":5}},"type":"if","locations":[{"start":{"line":157,"column":4},"end":{"line":160,"column":5}},{"start":{},"end":{}}],"line":157},"11":{"loc":{"start":{"line":162,"column":4},"end":{"line":167,"column":5}},"type":"if","locations":[{"start":{"line":162,"column":4},"end":{"line":167,"column":5}},{"start":{"line":165,"column":11},"end":{"line":167,"column":5}}],"line":162},"12":{"loc":{"start":{"line":169,"column":17},"end":{"line":169,"column":50}},"type":"binary-expr","locations":[{"start":{"line":169,"column":17},"end":{"line":169,"column":45}},{"start":{"line":169,"column":49},"end":{"line":169,"column":50}}],"line":169},"13":{"loc":{"start":{"line":170,"column":18},"end":{"line":170,"column":53}},"type":"binary-expr","locations":[{"start":{"line":170,"column":18},"end":{"line":170,"column":47}},{"start":{"line":170,"column":51},"end":{"line":170,"column":53}}],"line":170},"14":{"loc":{"start":{"line":184,"column":4},"end":{"line":189,"column":5}},"type":"if","locations":[{"start":{"line":184,"column":4},"end":{"line":189,"column":5}},{"start":{},"end":{}}],"line":184},"15":{"loc":{"start":{"line":191,"column":4},"end":{"line":196,"column":5}},"type":"if","locations":[{"start":{"line":191,"column":4},"end":{"line":196,"column":5}},{"start":{},"end":{}}],"line":191},"16":{"loc":{"start":{"line":226,"column":4},"end":{"line":228,"column":5}},"type":"if","locations":[{"start":{"line":226,"column":4},"end":{"line":228,"column":5}},{"start":{},"end":{}}],"line":226},"17":{"loc":{"start":{"line":242,"column":4},"end":{"line":244,"column":5}},"type":"if","locations":[{"start":{"line":242,"column":4},"end":{"line":244,"column":5}},{"start":{},"end":{}}],"line":242},"18":{"loc":{"start":{"line":256,"column":4},"end":{"line":259,"column":5}},"type":"if","locations":[{"start":{"line":256,"column":4},"end":{"line":259,"column":5}},{"start":{},"end":{}}],"line":256},"19":{"loc":{"start":{"line":261,"column":4},"end":{"line":266,"column":5}},"type":"if","locations":[{"start":{"line":261,"column":4},"end":{"line":266,"column":5}},{"start":{"line":264,"column":11},"end":{"line":266,"column":5}}],"line":261},"20":{"loc":{"start":{"line":268,"column":17},"end":{"line":268,"column":50}},"type":"binary-expr","locations":[{"start":{"line":268,"column":17},"end":{"line":268,"column":45}},{"start":{"line":268,"column":49},"end":{"line":268,"column":50}}],"line":268},"21":{"loc":{"start":{"line":269,"column":18},"end":{"line":269,"column":53}},"type":"binary-expr","locations":[{"start":{"line":269,"column":18},"end":{"line":269,"column":47}},{"start":{"line":269,"column":51},"end":{"line":269,"column":53}}],"line":269},"22":{"loc":{"start":{"line":283,"column":4},"end":{"line":288,"column":5}},"type":"if","locations":[{"start":{"line":283,"column":4},"end":{"line":288,"column":5}},{"start":{},"end":{}}],"line":283},"23":{"loc":{"start":{"line":290,"column":4},"end":{"line":295,"column":5}},"type":"if","locations":[{"start":{"line":290,"column":4},"end":{"line":295,"column":5}},{"start":{},"end":{}}],"line":290},"24":{"loc":{"start":{"line":324,"column":4},"end":{"line":329,"column":5}},"type":"if","locations":[{"start":{"line":324,"column":4},"end":{"line":329,"column":5}},{"start":{},"end":{}}],"line":324},"25":{"loc":{"start":{"line":347,"column":4},"end":{"line":351,"column":5}},"type":"if","locations":[{"start":{"line":347,"column":4},"end":{"line":351,"column":5}},{"start":{},"end":{}}],"line":347},"26":{"loc":{"start":{"line":364,"column":4},"end":{"line":368,"column":5}},"type":"if","locations":[{"start":{"line":364,"column":4},"end":{"line":368,"column":5}},{"start":{},"end":{}}],"line":364},"27":{"loc":{"start":{"line":373,"column":4},"end":{"line":386,"column":5}},"type":"if","locations":[{"start":{"line":373,"column":4},"end":{"line":386,"column":5}},{"start":{},"end":{}}],"line":373},"28":{"loc":{"start":{"line":405,"column":4},"end":{"line":409,"column":5}},"type":"if","locations":[{"start":{"line":405,"column":4},"end":{"line":409,"column":5}},{"start":{},"end":{}}],"line":405},"29":{"loc":{"start":{"line":411,"column":4},"end":{"line":416,"column":5}},"type":"if","locations":[{"start":{"line":411,"column":4},"end":{"line":416,"column":5}},{"start":{},"end":{}}],"line":411},"30":{"loc":{"start":{"line":411,"column":8},"end":{"line":411,"column":75}},"type":"binary-expr","locations":[{"start":{"line":411,"column":8},"end":{"line":411,"column":33}},{"start":{"line":411,"column":37},"end":{"line":411,"column":75}}],"line":411},"31":{"loc":{"start":{"line":427,"column":4},"end":{"line":428,"column":70}},"type":"if","locations":[{"start":{"line":427,"column":4},"end":{"line":428,"column":70}},{"start":{"line":428,"column":9},"end":{"line":428,"column":70}}],"line":427},"32":{"loc":{"start":{"line":458,"column":4},"end":{"line":463,"column":5}},"type":"if","locations":[{"start":{"line":458,"column":4},"end":{"line":463,"column":5}},{"start":{},"end":{}}],"line":458},"33":{"loc":{"start":{"line":466,"column":4},"end":{"line":471,"column":5}},"type":"if","locations":[{"start":{"line":466,"column":4},"end":{"line":471,"column":5}},{"start":{},"end":{}}],"line":466},"34":{"loc":{"start":{"line":474,"column":4},"end":{"line":479,"column":5}},"type":"if","locations":[{"start":{"line":474,"column":4},"end":{"line":479,"column":5}},{"start":{},"end":{}}],"line":474},"35":{"loc":{"start":{"line":511,"column":4},"end":{"line":516,"column":5}},"type":"if","locations":[{"start":{"line":511,"column":4},"end":{"line":516,"column":5}},{"start":{},"end":{}}],"line":511}},"s":{"0":1,"1":1,"2":1,"3":1,"4":0,"5":0,"6":0,"7":0,"8":0,"9":0,"10":0,"11":0,"12":0,"13":0,"14":0,"15":0,"16":0,"17":0,"18":0,"19":0,"20":0,"21":0,"22":0,"23":0,"24":0,"25":0,"26":0,"27":0,"28":0,"29":0,"30":0,"31":0,"32":0,"33":0,"34":0,"35":0,"36":0,"37":0,"38":0,"39":0,"40":1,"41":0,"42":0,"43":0,"44":0,"45":0,"46":0,"47":0,"48":0,"49":0,"50":0,"51":0,"52":0,"53":0,"54":0,"55":0,"56":0,"57":0,"58":0,"59":0,"60":0,"61":0,"62":0,"63":0,"64":0,"65":0,"66":0,"67":0,"68":0,"69":0,"70":0,"71":0,"72":0,"73":0,"74":0,"75":0,"76":0,"77":0,"78":0,"79":0,"80":1,"81":0,"82":0,"83":0,"84":0,"85":0,"86":0,"87":0,"88":0,"89":0,"90":0,"91":0,"92":0,"93":0,"94":0,"95":0,"96":0,"97":0,"98":0,"99":0,"100":0,"101":0,"102":0,"103":0,"104":0,"105":0,"106":0,"107":0,"108":0,"109":0,"110":0,"111":0,"112":0,"113":0,"114":0,"115":0,"116":0,"117":0,"118":1,"119":0,"120":0,"121":0,"122":0,"123":0,"124":0,"125":1,"126":0,"127":0,"128":0,"129":0,"130":0,"131":0,"132":0,"133":0,"134":0,"135":0,"136":0,"137":0,"138":0,"139":0,"140":0,"141":0,"142":1,"143":0,"144":0,"145":0,"146":0,"147":0,"148":0,"149":0,"150":0,"151":0,"152":0,"153":0,"154":0,"155":0,"156":0,"157":0,"158":0,"159":1,"160":7,"161":7,"162":7,"163":1,"164":6,"165":4,"166":2,"167":1,"168":1,"169":1,"170":0,"171":1,"172":0,"173":0,"174":0,"175":0,"176":0,"177":0,"178":0},"f":{"0":0,"1":0,"2":0,"3":0,"4":0,"5":0,"6":0,"7":0,"8":0,"9":0,"10":0,"11":0,"12":7,"13":0},"b":{"0":[0,0],"1":[0,0],"2":[0,0],"3":[0,0],"4":[0,0],"5":[0,0],"6":[0,0],"7":[0,0],"8":[0,0],"9":[0,0],"10":[0,0],"11":[0,0],"12":[0,0],"13":[0,0],"14":[0,0],"15":[0,0],"16":[0,0],"17":[0,0],"18":[0,0],"19":[0,0],"20":[0,0],"21":[0,0],"22":[0,0],"23":[0,0],"24":[0,0],"25":[0,0],"26":[0,0],"27":[0,0],"28":[0,0],"29":[0,0],"30":[0,0],"31":[0,0],"32":[1,6],"33":[4,2],"34":[1,1],"35":[0,0]},"_coverageSchema":"1a1c01bbd47fc00a2c39e90264f33305004495a9","hash":"a94da429143809a953ad9962808f05d3ce1d40bd"}
,"C:\\MyFile\\Chula\\Year1-2\\SE\\cedt-se-project-take-some-rest\\backend\\controllers\\users.js": {"path":"C:\\MyFile\\Chula\\Year1-2\\SE\\cedt-se-project-take-some-rest\\backend\\controllers\\users.js","statementMap":{"0":{"start":{"line":1,"column":15},"end":{"line":1,"column":34}},"1":{"start":{"line":2,"column":13},"end":{"line":2,"column":38}},"2":{"start":{"line":3,"column":19},"end":{"line":3,"column":50}},"3":{"start":{"line":8,"column":0},"end":{"line":17,"column":1}},"4":{"start":{"line":9,"column":2},"end":{"line":16,"column":3}},"5":{"start":{"line":10,"column":17},"end":{"line":10,"column":49}},"6":{"start":{"line":12,"column":4},"end":{"line":12,"column":62}},"7":{"start":{"line":15,"column":4},"end":{"line":15,"column":51}},"8":{"start":{"line":22,"column":0},"end":{"line":37,"column":1}},"9":{"start":{"line":23,"column":2},"end":{"line":36,"column":3}},"10":{"start":{"line":24,"column":17},"end":{"line":24,"column":52}},"11":{"start":{"line":26,"column":4},"end":{"line":30,"column":5}},"12":{"start":{"line":27,"column":6},"end":{"line":29,"column":73}},"13":{"start":{"line":32,"column":4},"end":{"line":32,"column":62}},"14":{"start":{"line":35,"column":4},"end":{"line":35,"column":51}},"15":{"start":{"line":42,"column":0},"end":{"line":115,"column":1}},"16":{"start":{"line":43,"column":2},"end":{"line":114,"column":3}},"17":{"start":{"line":47,"column":21},"end":{"line":47,"column":37}},"18":{"start":{"line":50,"column":25},"end":{"line":50,"column":60}},"19":{"start":{"line":53,"column":4},"end":{"line":53,"column":59}},"20":{"start":{"line":53,"column":36},"end":{"line":53,"column":58}},"21":{"start":{"line":55,"column":19},"end":{"line":55,"column":43}},"22":{"start":{"line":58,"column":4},"end":{"line":61,"column":5}},"23":{"start":{"line":60,"column":17},"end":{"line":60,"column":28}},"24":{"start":{"line":62,"column":4},"end":{"line":62,"column":43}},"25":{"start":{"line":65,"column":4},"end":{"line":68,"column":5}},"26":{"start":{"line":66,"column":21},"end":{"line":66,"column":58}},"27":{"start":{"line":67,"column":6},"end":{"line":67,"column":34}},"28":{"start":{"line":71,"column":4},"end":{"line":76,"column":5}},"29":{"start":{"line":72,"column":21},"end":{"line":72,"column":56}},"30":{"start":{"line":73,"column":6},"end":{"line":73,"column":32}},"31":{"start":{"line":75,"column":6},"end":{"line":75,"column":38}},"32":{"start":{"line":79,"column":17},"end":{"line":79,"column":50}},"33":{"start":{"line":80,"column":18},"end":{"line":80,"column":53}},"34":{"start":{"line":81,"column":23},"end":{"line":81,"column":41}},"35":{"start":{"line":82,"column":21},"end":{"line":82,"column":33}},"36":{"start":{"line":83,"column":18},"end":{"line":83,"column":45}},"37":{"start":{"line":85,"column":4},"end":{"line":85,"column":47}},"38":{"start":{"line":88,"column":18},"end":{"line":88,"column":29}},"39":{"start":{"line":91,"column":23},"end":{"line":91,"column":25}},"40":{"start":{"line":94,"column":4},"end":{"line":99,"column":5}},"41":{"start":{"line":95,"column":6},"end":{"line":98,"column":7}},"42":{"start":{"line":101,"column":4},"end":{"line":106,"column":5}},"43":{"start":{"line":102,"column":6},"end":{"line":105,"column":7}},"44":{"start":{"line":108,"column":4},"end":{"line":110,"column":76}},"45":{"start":{"line":113,"column":4},"end":{"line":113,"column":51}},"46":{"start":{"line":120,"column":0},"end":{"line":150,"column":1}},"47":{"start":{"line":121,"column":41},"end":{"line":121,"column":49}},"48":{"start":{"line":123,"column":18},"end":{"line":123,"column":48}},"49":{"start":{"line":125,"column":2},"end":{"line":131,"column":3}},"50":{"start":{"line":126,"column":4},"end":{"line":130,"column":6}},"51":{"start":{"line":133,"column":2},"end":{"line":149,"column":3}},"52":{"start":{"line":134,"column":17},"end":{"line":137,"column":6}},"53":{"start":{"line":139,"column":4},"end":{"line":143,"column":5}},"54":{"start":{"line":140,"column":6},"end":{"line":142,"column":62}},"55":{"start":{"line":145,"column":4},"end":{"line":145,"column":62}},"56":{"start":{"line":148,"column":4},"end":{"line":148,"column":51}},"57":{"start":{"line":155,"column":0},"end":{"line":185,"column":1}},"58":{"start":{"line":156,"column":41},"end":{"line":156,"column":49}},"59":{"start":{"line":158,"column":18},"end":{"line":158,"column":48}},"60":{"start":{"line":160,"column":2},"end":{"line":166,"column":3}},"61":{"start":{"line":161,"column":4},"end":{"line":165,"column":6}},"62":{"start":{"line":168,"column":2},"end":{"line":184,"column":3}},"63":{"start":{"line":169,"column":17},"end":{"line":172,"column":6}},"64":{"start":{"line":174,"column":4},"end":{"line":178,"column":5}},"65":{"start":{"line":175,"column":6},"end":{"line":177,"column":62}},"66":{"start":{"line":180,"column":4},"end":{"line":180,"column":62}},"67":{"start":{"line":183,"column":4},"end":{"line":183,"column":51}},"68":{"start":{"line":190,"column":0},"end":{"line":219,"column":1}},"69":{"start":{"line":191,"column":19},"end":{"line":191,"column":27}},"70":{"start":{"line":192,"column":18},"end":{"line":192,"column":61}},"71":{"start":{"line":193,"column":21},"end":{"line":193,"column":61}},"72":{"start":{"line":195,"column":2},"end":{"line":200,"column":3}},"73":{"start":{"line":196,"column":4},"end":{"line":199,"column":6}},"74":{"start":{"line":202,"column":2},"end":{"line":218,"column":3}},"75":{"start":{"line":203,"column":17},"end":{"line":206,"column":6}},"76":{"start":{"line":208,"column":4},"end":{"line":212,"column":5}},"77":{"start":{"line":209,"column":6},"end":{"line":211,"column":62}},"78":{"start":{"line":214,"column":4},"end":{"line":214,"column":62}},"79":{"start":{"line":217,"column":4},"end":{"line":217,"column":51}},"80":{"start":{"line":224,"column":0},"end":{"line":246,"column":1}},"81":{"start":{"line":225,"column":2},"end":{"line":245,"column":3}},"82":{"start":{"line":226,"column":17},"end":{"line":233,"column":5}},"83":{"start":{"line":235,"column":4},"end":{"line":239,"column":5}},"84":{"start":{"line":236,"column":6},"end":{"line":238,"column":62}},"85":{"start":{"line":241,"column":4},"end":{"line":241,"column":62}},"86":{"start":{"line":244,"column":4},"end":{"line":244,"column":51}},"87":{"start":{"line":251,"column":0},"end":{"line":268,"column":1}},"88":{"start":{"line":252,"column":2},"end":{"line":267,"column":3}},"89":{"start":{"line":253,"column":17},"end":{"line":253,"column":49}},"90":{"start":{"line":255,"column":4},"end":{"line":259,"column":5}},"91":{"start":{"line":256,"column":6},"end":{"line":258,"column":62}},"92":{"start":{"line":261,"column":4},"end":{"line":261,"column":26}},"93":{"start":{"line":263,"column":4},"end":{"line":263,"column":60}},"94":{"start":{"line":266,"column":4},"end":{"line":266,"column":51}},"95":{"start":{"line":273,"column":0},"end":{"line":290,"column":1}},"96":{"start":{"line":274,"column":2},"end":{"line":289,"column":3}},"97":{"start":{"line":275,"column":17},"end":{"line":275,"column":52}},"98":{"start":{"line":277,"column":4},"end":{"line":281,"column":5}},"99":{"start":{"line":278,"column":6},"end":{"line":280,"column":62}},"100":{"start":{"line":283,"column":4},"end":{"line":283,"column":26}},"101":{"start":{"line":285,"column":4},"end":{"line":285,"column":60}},"102":{"start":{"line":288,"column":4},"end":{"line":288,"column":51}},"103":{"start":{"line":295,"column":0},"end":{"line":327,"column":1}},"104":{"start":{"line":296,"column":2},"end":{"line":326,"column":3}},"105":{"start":{"line":297,"column":17},"end":{"line":297,"column":49}},"106":{"start":{"line":299,"column":4},"end":{"line":303,"column":5}},"107":{"start":{"line":300,"column":6},"end":{"line":302,"column":62}},"108":{"start":{"line":305,"column":4},"end":{"line":307,"column":5}},"109":{"start":{"line":306,"column":6},"end":{"line":306,"column":117}},"110":{"start":{"line":309,"column":4},"end":{"line":311,"column":5}},"111":{"start":{"line":310,"column":6},"end":{"line":310,"column":114}},"112":{"start":{"line":313,"column":22},"end":{"line":320,"column":5}},"113":{"start":{"line":322,"column":4},"end":{"line":322,"column":67}},"114":{"start":{"line":324,"column":4},"end":{"line":324,"column":26}},"115":{"start":{"line":325,"column":4},"end":{"line":325,"column":51}},"116":{"start":{"line":332,"column":0},"end":{"line":407,"column":1}},"117":{"start":{"line":333,"column":2},"end":{"line":406,"column":3}},"118":{"start":{"line":337,"column":21},"end":{"line":337,"column":37}},"119":{"start":{"line":340,"column":25},"end":{"line":340,"column":60}},"120":{"start":{"line":343,"column":4},"end":{"line":343,"column":59}},"121":{"start":{"line":343,"column":36},"end":{"line":343,"column":58}},"122":{"start":{"line":345,"column":19},"end":{"line":345,"column":43}},"123":{"start":{"line":348,"column":4},"end":{"line":351,"column":5}},"124":{"start":{"line":350,"column":17},"end":{"line":350,"column":28}},"125":{"start":{"line":352,"column":20},"end":{"line":352,"column":40}},"126":{"start":{"line":353,"column":4},"end":{"line":353,"column":47}},"127":{"start":{"line":354,"column":4},"end":{"line":354,"column":32}},"128":{"start":{"line":357,"column":4},"end":{"line":360,"column":5}},"129":{"start":{"line":358,"column":21},"end":{"line":358,"column":58}},"130":{"start":{"line":359,"column":6},"end":{"line":359,"column":34}},"131":{"start":{"line":363,"column":4},"end":{"line":368,"column":5}},"132":{"start":{"line":364,"column":21},"end":{"line":364,"column":56}},"133":{"start":{"line":365,"column":6},"end":{"line":365,"column":32}},"134":{"start":{"line":367,"column":6},"end":{"line":367,"column":38}},"135":{"start":{"line":371,"column":17},"end":{"line":371,"column":50}},"136":{"start":{"line":372,"column":18},"end":{"line":372,"column":53}},"137":{"start":{"line":373,"column":23},"end":{"line":373,"column":41}},"138":{"start":{"line":374,"column":21},"end":{"line":374,"column":33}},"139":{"start":{"line":375,"column":18},"end":{"line":375,"column":45}},"140":{"start":{"line":377,"column":4},"end":{"line":377,"column":47}},"141":{"start":{"line":380,"column":18},"end":{"line":380,"column":29}},"142":{"start":{"line":383,"column":23},"end":{"line":383,"column":25}},"143":{"start":{"line":386,"column":4},"end":{"line":391,"column":5}},"144":{"start":{"line":387,"column":6},"end":{"line":390,"column":7}},"145":{"start":{"line":393,"column":4},"end":{"line":398,"column":5}},"146":{"start":{"line":394,"column":6},"end":{"line":397,"column":7}},"147":{"start":{"line":400,"column":4},"end":{"line":402,"column":76}},"148":{"start":{"line":405,"column":4},"end":{"line":405,"column":51}},"149":{"start":{"line":412,"column":0},"end":{"line":445,"column":1}},"150":{"start":{"line":413,"column":2},"end":{"line":444,"column":3}},"151":{"start":{"line":414,"column":17},"end":{"line":414,"column":49}},"152":{"start":{"line":415,"column":4},"end":{"line":419,"column":5}},"153":{"start":{"line":416,"column":6},"end":{"line":418,"column":62}},"154":{"start":{"line":420,"column":23},"end":{"line":420,"column":65}},"155":{"start":{"line":421,"column":4},"end":{"line":425,"column":5}},"156":{"start":{"line":422,"column":6},"end":{"line":424,"column":68}},"157":{"start":{"line":426,"column":4},"end":{"line":430,"column":5}},"158":{"start":{"line":427,"column":6},"end":{"line":429,"column":75}},"159":{"start":{"line":431,"column":19},"end":{"line":435,"column":5}},"160":{"start":{"line":436,"column":4},"end":{"line":438,"column":64}},"161":{"start":{"line":441,"column":4},"end":{"line":443,"column":63}},"162":{"start":{"line":450,"column":0},"end":{"line":483,"column":1}},"163":{"start":{"line":451,"column":2},"end":{"line":482,"column":3}},"164":{"start":{"line":452,"column":17},"end":{"line":452,"column":49}},"165":{"start":{"line":453,"column":4},"end":{"line":457,"column":5}},"166":{"start":{"line":454,"column":6},"end":{"line":456,"column":62}},"167":{"start":{"line":458,"column":23},"end":{"line":458,"column":65}},"168":{"start":{"line":459,"column":4},"end":{"line":463,"column":5}},"169":{"start":{"line":460,"column":6},"end":{"line":462,"column":68}},"170":{"start":{"line":464,"column":4},"end":{"line":468,"column":5}},"171":{"start":{"line":465,"column":6},"end":{"line":467,"column":71}},"172":{"start":{"line":469,"column":19},"end":{"line":473,"column":5}},"173":{"start":{"line":474,"column":4},"end":{"line":476,"column":64}},"174":{"start":{"line":479,"column":4},"end":{"line":481,"column":66}},"175":{"start":{"line":488,"column":0},"end":{"line":511,"column":1}},"176":{"start":{"line":489,"column":2},"end":{"line":510,"column":3}},"177":{"start":{"line":490,"column":17},"end":{"line":490,"column":49}},"178":{"start":{"line":492,"column":4},"end":{"line":496,"column":5}},"179":{"start":{"line":493,"column":6},"end":{"line":495,"column":75}},"180":{"start":{"line":498,"column":31},"end":{"line":500,"column":23}},"181":{"start":{"line":502,"column":4},"end":{"line":506,"column":6}},"182":{"start":{"line":509,"column":4},"end":{"line":509,"column":51}}},"fnMap":{"0":{"name":"(anonymous_0)","decl":{"start":{"line":8,"column":16},"end":{"line":8,"column":17}},"loc":{"start":{"line":8,"column":42},"end":{"line":17,"column":1}},"line":8},"1":{"name":"(anonymous_1)","decl":{"start":{"line":22,"column":18},"end":{"line":22,"column":19}},"loc":{"start":{"line":22,"column":44},"end":{"line":37,"column":1}},"line":22},"2":{"name":"(anonymous_2)","decl":{"start":{"line":42,"column":19},"end":{"line":42,"column":20}},"loc":{"start":{"line":42,"column":45},"end":{"line":115,"column":1}},"line":42},"3":{"name":"(anonymous_3)","decl":{"start":{"line":53,"column":25},"end":{"line":53,"column":26}},"loc":{"start":{"line":53,"column":36},"end":{"line":53,"column":58}},"line":53},"4":{"name":"(anonymous_4)","decl":{"start":{"line":60,"column":6},"end":{"line":60,"column":7}},"loc":{"start":{"line":60,"column":17},"end":{"line":60,"column":28}},"line":60},"5":{"name":"(anonymous_5)","decl":{"start":{"line":120,"column":19},"end":{"line":120,"column":20}},"loc":{"start":{"line":120,"column":45},"end":{"line":150,"column":1}},"line":120},"6":{"name":"(anonymous_6)","decl":{"start":{"line":155,"column":21},"end":{"line":155,"column":22}},"loc":{"start":{"line":155,"column":47},"end":{"line":185,"column":1}},"line":155},"7":{"name":"(anonymous_7)","decl":{"start":{"line":190,"column":25},"end":{"line":190,"column":26}},"loc":{"start":{"line":190,"column":51},"end":{"line":219,"column":1}},"line":190},"8":{"name":"(anonymous_8)","decl":{"start":{"line":224,"column":31},"end":{"line":224,"column":32}},"loc":{"start":{"line":224,"column":57},"end":{"line":246,"column":1}},"line":224},"9":{"name":"(anonymous_9)","decl":{"start":{"line":251,"column":19},"end":{"line":251,"column":20}},"loc":{"start":{"line":251,"column":45},"end":{"line":268,"column":1}},"line":251},"10":{"name":"(anonymous_10)","decl":{"start":{"line":273,"column":21},"end":{"line":273,"column":22}},"loc":{"start":{"line":273,"column":47},"end":{"line":290,"column":1}},"line":273},"11":{"name":"(anonymous_11)","decl":{"start":{"line":295,"column":33},"end":{"line":295,"column":34}},"loc":{"start":{"line":295,"column":59},"end":{"line":327,"column":1}},"line":295},"12":{"name":"(anonymous_12)","decl":{"start":{"line":332,"column":26},"end":{"line":332,"column":27}},"loc":{"start":{"line":332,"column":52},"end":{"line":407,"column":1}},"line":332},"13":{"name":"(anonymous_13)","decl":{"start":{"line":343,"column":25},"end":{"line":343,"column":26}},"loc":{"start":{"line":343,"column":36},"end":{"line":343,"column":58}},"line":343},"14":{"name":"(anonymous_14)","decl":{"start":{"line":350,"column":6},"end":{"line":350,"column":7}},"loc":{"start":{"line":350,"column":17},"end":{"line":350,"column":28}},"line":350},"15":{"name":"(anonymous_15)","decl":{"start":{"line":412,"column":22},"end":{"line":412,"column":23}},"loc":{"start":{"line":412,"column":48},"end":{"line":445,"column":1}},"line":412},"16":{"name":"(anonymous_16)","decl":{"start":{"line":450,"column":25},"end":{"line":450,"column":26}},"loc":{"start":{"line":450,"column":51},"end":{"line":483,"column":1}},"line":450},"17":{"name":"(anonymous_17)","decl":{"start":{"line":488,"column":23},"end":{"line":488,"column":24}},"loc":{"start":{"line":488,"column":49},"end":{"line":511,"column":1}},"line":488}},"branchMap":{"0":{"loc":{"start":{"line":26,"column":4},"end":{"line":30,"column":5}},"type":"if","locations":[{"start":{"line":26,"column":4},"end":{"line":30,"column":5}},{"start":{},"end":{}}],"line":26},"1":{"loc":{"start":{"line":65,"column":4},"end":{"line":68,"column":5}},"type":"if","locations":[{"start":{"line":65,"column":4},"end":{"line":68,"column":5}},{"start":{},"end":{}}],"line":65},"2":{"loc":{"start":{"line":71,"column":4},"end":{"line":76,"column":5}},"type":"if","locations":[{"start":{"line":71,"column":4},"end":{"line":76,"column":5}},{"start":{"line":74,"column":11},"end":{"line":76,"column":5}}],"line":71},"3":{"loc":{"start":{"line":79,"column":17},"end":{"line":79,"column":50}},"type":"binary-expr","locations":[{"start":{"line":79,"column":17},"end":{"line":79,"column":45}},{"start":{"line":79,"column":49},"end":{"line":79,"column":50}}],"line":79},"4":{"loc":{"start":{"line":80,"column":18},"end":{"line":80,"column":53}},"type":"binary-expr","locations":[{"start":{"line":80,"column":18},"end":{"line":80,"column":47}},{"start":{"line":80,"column":51},"end":{"line":80,"column":53}}],"line":80},"5":{"loc":{"start":{"line":94,"column":4},"end":{"line":99,"column":5}},"type":"if","locations":[{"start":{"line":94,"column":4},"end":{"line":99,"column":5}},{"start":{},"end":{}}],"line":94},"6":{"loc":{"start":{"line":101,"column":4},"end":{"line":106,"column":5}},"type":"if","locations":[{"start":{"line":101,"column":4},"end":{"line":106,"column":5}},{"start":{},"end":{}}],"line":101},"7":{"loc":{"start":{"line":125,"column":2},"end":{"line":131,"column":3}},"type":"if","locations":[{"start":{"line":125,"column":2},"end":{"line":131,"column":3}},{"start":{},"end":{}}],"line":125},"8":{"loc":{"start":{"line":139,"column":4},"end":{"line":143,"column":5}},"type":"if","locations":[{"start":{"line":139,"column":4},"end":{"line":143,"column":5}},{"start":{},"end":{}}],"line":139},"9":{"loc":{"start":{"line":160,"column":2},"end":{"line":166,"column":3}},"type":"if","locations":[{"start":{"line":160,"column":2},"end":{"line":166,"column":3}},{"start":{},"end":{}}],"line":160},"10":{"loc":{"start":{"line":174,"column":4},"end":{"line":178,"column":5}},"type":"if","locations":[{"start":{"line":174,"column":4},"end":{"line":178,"column":5}},{"start":{},"end":{}}],"line":174},"11":{"loc":{"start":{"line":195,"column":2},"end":{"line":200,"column":3}},"type":"if","locations":[{"start":{"line":195,"column":2},"end":{"line":200,"column":3}},{"start":{},"end":{}}],"line":195},"12":{"loc":{"start":{"line":195,"column":6},"end":{"line":195,"column":41}},"type":"binary-expr","locations":[{"start":{"line":195,"column":6},"end":{"line":195,"column":11}},{"start":{"line":195,"column":15},"end":{"line":195,"column":41}}],"line":195},"13":{"loc":{"start":{"line":208,"column":4},"end":{"line":212,"column":5}},"type":"if","locations":[{"start":{"line":208,"column":4},"end":{"line":212,"column":5}},{"start":{},"end":{}}],"line":208},"14":{"loc":{"start":{"line":235,"column":4},"end":{"line":239,"column":5}},"type":"if","locations":[{"start":{"line":235,"column":4},"end":{"line":239,"column":5}},{"start":{},"end":{}}],"line":235},"15":{"loc":{"start":{"line":255,"column":4},"end":{"line":259,"column":5}},"type":"if","locations":[{"start":{"line":255,"column":4},"end":{"line":259,"column":5}},{"start":{},"end":{}}],"line":255},"16":{"loc":{"start":{"line":277,"column":4},"end":{"line":281,"column":5}},"type":"if","locations":[{"start":{"line":277,"column":4},"end":{"line":281,"column":5}},{"start":{},"end":{}}],"line":277},"17":{"loc":{"start":{"line":299,"column":4},"end":{"line":303,"column":5}},"type":"if","locations":[{"start":{"line":299,"column":4},"end":{"line":303,"column":5}},{"start":{},"end":{}}],"line":299},"18":{"loc":{"start":{"line":305,"column":4},"end":{"line":307,"column":5}},"type":"if","locations":[{"start":{"line":305,"column":4},"end":{"line":307,"column":5}},{"start":{},"end":{}}],"line":305},"19":{"loc":{"start":{"line":309,"column":4},"end":{"line":311,"column":5}},"type":"if","locations":[{"start":{"line":309,"column":4},"end":{"line":311,"column":5}},{"start":{},"end":{}}],"line":309},"20":{"loc":{"start":{"line":357,"column":4},"end":{"line":360,"column":5}},"type":"if","locations":[{"start":{"line":357,"column":4},"end":{"line":360,"column":5}},{"start":{},"end":{}}],"line":357},"21":{"loc":{"start":{"line":363,"column":4},"end":{"line":368,"column":5}},"type":"if","locations":[{"start":{"line":363,"column":4},"end":{"line":368,"column":5}},{"start":{"line":366,"column":11},"end":{"line":368,"column":5}}],"line":363},"22":{"loc":{"start":{"line":371,"column":17},"end":{"line":371,"column":50}},"type":"binary-expr","locations":[{"start":{"line":371,"column":17},"end":{"line":371,"column":45}},{"start":{"line":371,"column":49},"end":{"line":371,"column":50}}],"line":371},"23":{"loc":{"start":{"line":372,"column":18},"end":{"line":372,"column":53}},"type":"binary-expr","locations":[{"start":{"line":372,"column":18},"end":{"line":372,"column":47}},{"start":{"line":372,"column":51},"end":{"line":372,"column":53}}],"line":372},"24":{"loc":{"start":{"line":386,"column":4},"end":{"line":391,"column":5}},"type":"if","locations":[{"start":{"line":386,"column":4},"end":{"line":391,"column":5}},{"start":{},"end":{}}],"line":386},"25":{"loc":{"start":{"line":393,"column":4},"end":{"line":398,"column":5}},"type":"if","locations":[{"start":{"line":393,"column":4},"end":{"line":398,"column":5}},{"start":{},"end":{}}],"line":393},"26":{"loc":{"start":{"line":415,"column":4},"end":{"line":419,"column":5}},"type":"if","locations":[{"start":{"line":415,"column":4},"end":{"line":419,"column":5}},{"start":{},"end":{}}],"line":415},"27":{"loc":{"start":{"line":421,"column":4},"end":{"line":425,"column":5}},"type":"if","locations":[{"start":{"line":421,"column":4},"end":{"line":425,"column":5}},{"start":{},"end":{}}],"line":421},"28":{"loc":{"start":{"line":426,"column":4},"end":{"line":430,"column":5}},"type":"if","locations":[{"start":{"line":426,"column":4},"end":{"line":430,"column":5}},{"start":{},"end":{}}],"line":426},"29":{"loc":{"start":{"line":453,"column":4},"end":{"line":457,"column":5}},"type":"if","locations":[{"start":{"line":453,"column":4},"end":{"line":457,"column":5}},{"start":{},"end":{}}],"line":453},"30":{"loc":{"start":{"line":459,"column":4},"end":{"line":463,"column":5}},"type":"if","locations":[{"start":{"line":459,"column":4},"end":{"line":463,"column":5}},{"start":{},"end":{}}],"line":459},"31":{"loc":{"start":{"line":464,"column":4},"end":{"line":468,"column":5}},"type":"if","locations":[{"start":{"line":464,"column":4},"end":{"line":468,"column":5}},{"start":{},"end":{}}],"line":464},"32":{"loc":{"start":{"line":492,"column":4},"end":{"line":496,"column":5}},"type":"if","locations":[{"start":{"line":492,"column":4},"end":{"line":496,"column":5}},{"start":{},"end":{}}],"line":492}},"s":{"0":1,"1":1,"2":1,"3":1,"4":0,"5":0,"6":0,"7":0,"8":1,"9":0,"10":0,"11":0,"12":0,"13":0,"14":0,"15":1,"16":0,"17":0,"18":0,"19":0,"20":0,"21":0,"22":0,"23":0,"24":0,"25":0,"26":0,"27":0,"28":0,"29":0,"30":0,"31":0,"32":0,"33":0,"34":0,"35":0,"36":0,"37":0,"38":0,"39":0,"40":0,"41":0,"42":0,"43":0,"44":0,"45":0,"46":1,"47":0,"48":0,"49":0,"50":0,"51":0,"52":0,"53":0,"54":0,"55":0,"56":0,"57":1,"58":0,"59":0,"60":0,"61":0,"62":0,"63":0,"64":0,"65":0,"66":0,"67":0,"68":1,"69":0,"70":0,"71":0,"72":0,"73":0,"74":0,"75":0,"76":0,"77":0,"78":0,"79":0,"80":1,"81":1,"82":1,"83":1,"84":0,"85":1,"86":0,"87":1,"88":0,"89":0,"90":0,"91":0,"92":0,"93":0,"94":0,"95":1,"96":0,"97":0,"98":0,"99":0,"100":0,"101":0,"102":0,"103":1,"104":4,"105":4,"106":4,"107":0,"108":4,"109":2,"110":2,"111":1,"112":1,"113":1,"114":0,"115":0,"116":1,"117":0,"118":0,"119":0,"120":0,"121":0,"122":0,"123":0,"124":0,"125":0,"126":0,"127":0,"128":0,"129":0,"130":0,"131":0,"132":0,"133":0,"134":0,"135":0,"136":0,"137":0,"138":0,"139":0,"140":0,"141":0,"142":0,"143":0,"144":0,"145":0,"146":0,"147":0,"148":0,"149":1,"150":0,"151":0,"152":0,"153":0,"154":0,"155":0,"156":0,"157":0,"158":0,"159":0,"160":0,"161":0,"162":1,"163":0,"164":0,"165":0,"166":0,"167":0,"168":0,"169":0,"170":0,"171":0,"172":0,"173":0,"174":0,"175":1,"176":0,"177":0,"178":0,"179":0,"180":0,"181":0,"182":0},"f":{"0":0,"1":0,"2":0,"3":0,"4":0,"5":0,"6":0,"7":0,"8":1,"9":0,"10":0,"11":4,"12":0,"13":0,"14":0,"15":0,"16":0,"17":0},"b":{"0":[0,0],"1":[0,0],"2":[0,0],"3":[0,0],"4":[0,0],"5":[0,0],"6":[0,0],"7":[0,0],"8":[0,0],"9":[0,0],"10":[0,0],"11":[0,0],"12":[0,0],"13":[0,0],"14":[0,1],"15":[0,0],"16":[0,0],"17":[0,4],"18":[2,2],"19":[1,1],"20":[0,0],"21":[0,0],"22":[0,0],"23":[0,0],"24":[0,0],"25":[0,0],"26":[0,0],"27":[0,0],"28":[0,0],"29":[0,0],"30":[0,0],"31":[0,0],"32":[0,0]},"_coverageSchema":"1a1c01bbd47fc00a2c39e90264f33305004495a9","hash":"48e88d63e145a08d205657094519e98fda7eecfd"}
,"C:\\MyFile\\Chula\\Year1-2\\SE\\cedt-se-project-take-some-rest\\backend\\models\\Campground.js": {"path":"C:\\MyFile\\Chula\\Year1-2\\SE\\cedt-se-project-take-some-rest\\backend\\models\\Campground.js","statementMap":{"0":{"start":{"line":1,"column":17},"end":{"line":1,"column":36}},"1":{"start":{"line":3,"column":25},"end":{"line":72,"column":2}},"2":{"start":{"line":75,"column":0},"end":{"line":89,"column":1}},"3":{"start":{"line":79,"column":4},"end":{"line":79,"column":25}},"4":{"start":{"line":80,"column":4},"end":{"line":80,"column":68}},"5":{"start":{"line":81,"column":4},"end":{"line":81,"column":65}},"6":{"start":{"line":82,"column":4},"end":{"line":82,"column":67}},"7":{"start":{"line":83,"column":4},"end":{"line":86,"column":5}},"8":{"start":{"line":87,"column":4},"end":{"line":87,"column":10}},"9":{"start":{"line":91,"column":0},"end":{"line":91,"column":63}}},"fnMap":{"0":{"name":"(anonymous_0)","decl":{"start":{"line":78,"column":2},"end":{"line":78,"column":3}},"loc":{"start":{"line":78,"column":24},"end":{"line":88,"column":3}},"line":78}},"branchMap":{},"s":{"0":2,"1":2,"2":2,"3":0,"4":0,"5":0,"6":0,"7":0,"8":0,"9":2},"f":{"0":0},"b":{},"_coverageSchema":"1a1c01bbd47fc00a2c39e90264f33305004495a9","hash":"04d8b031d7ec7c244f760f1dbb68e43f9cece223"}
,"C:\\MyFile\\Chula\\Year1-2\\SE\\cedt-se-project-take-some-rest\\backend\\models\\Log.js": {"path":"C:\\MyFile\\Chula\\Year1-2\\SE\\cedt-se-project-take-some-rest\\backend\\models\\Log.js","statementMap":{"0":{"start":{"line":1,"column":17},"end":{"line":1,"column":36}},"1":{"start":{"line":3,"column":18},"end":{"line":14,"column":2}},"2":{"start":{"line":16,"column":0},"end":{"line":16,"column":49}}},"fnMap":{},"branchMap":{},"s":{"0":2,"1":2,"2":2},"f":{},"b":{},"_coverageSchema":"1a1c01bbd47fc00a2c39e90264f33305004495a9","hash":"517481a3e4fd587d40a155e927fc47660914c207"}
,"C:\\MyFile\\Chula\\Year1-2\\SE\\cedt-se-project-take-some-rest\\backend\\models\\Review.js": {"path":"C:\\MyFile\\Chula\\Year1-2\\SE\\cedt-se-project-take-some-rest\\backend\\models\\Review.js","statementMap":{"0":{"start":{"line":1,"column":17},"end":{"line":1,"column":36}},"1":{"start":{"line":3,"column":21},"end":{"line":28,"column":2}},"2":{"start":{"line":30,"column":0},"end":{"line":30,"column":55}}},"fnMap":{},"branchMap":{},"s":{"0":1,"1":1,"2":1},"f":{},"b":{},"_coverageSchema":"1a1c01bbd47fc00a2c39e90264f33305004495a9","hash":"5cd151918615a7c9e1efb468d4a2b79304e61bd6"}
,"C:\\MyFile\\Chula\\Year1-2\\SE\\cedt-se-project-take-some-rest\\backend\\models\\User.js": {"path":"C:\\MyFile\\Chula\\Year1-2\\SE\\cedt-se-project-take-some-rest\\backend\\models\\User.js","statementMap":{"0":{"start":{"line":1,"column":17},"end":{"line":1,"column":36}},"1":{"start":{"line":2,"column":15},"end":{"line":2,"column":34}},"2":{"start":{"line":3,"column":12},"end":{"line":3,"column":35}},"3":{"start":{"line":5,"column":19},"end":{"line":50,"column":2}},"4":{"start":{"line":53,"column":0},"end":{"line":63,"column":1}},"5":{"start":{"line":57,"column":4},"end":{"line":57,"column":62}},"6":{"start":{"line":58,"column":4},"end":{"line":58,"column":58}},"7":{"start":{"line":59,"column":4},"end":{"line":59,"column":61}},"8":{"start":{"line":60,"column":4},"end":{"line":60,"column":76}},"9":{"start":{"line":61,"column":4},"end":{"line":61,"column":10}},"10":{"start":{"line":66,"column":0},"end":{"line":69,"column":2}},"11":{"start":{"line":67,"column":15},"end":{"line":67,"column":39}},"12":{"start":{"line":68,"column":2},"end":{"line":68,"column":56}},"13":{"start":{"line":72,"column":0},"end":{"line":78,"column":1}},"14":{"start":{"line":73,"column":2},"end":{"line":77,"column":3}},"15":{"start":{"line":81,"column":0},"end":{"line":83,"column":1}},"16":{"start":{"line":82,"column":2},"end":{"line":82,"column":59}},"17":{"start":{"line":85,"column":0},"end":{"line":85,"column":51}}},"fnMap":{"0":{"name":"(anonymous_0)","decl":{"start":{"line":56,"column":2},"end":{"line":56,"column":3}},"loc":{"start":{"line":56,"column":24},"end":{"line":62,"column":3}},"line":56},"1":{"name":"(anonymous_1)","decl":{"start":{"line":66,"column":23},"end":{"line":66,"column":24}},"loc":{"start":{"line":66,"column":45},"end":{"line":69,"column":1}},"line":66},"2":{"name":"(anonymous_2)","decl":{"start":{"line":72,"column":39},"end":{"line":72,"column":40}},"loc":{"start":{"line":72,"column":51},"end":{"line":78,"column":1}},"line":72},"3":{"name":"(anonymous_3)","decl":{"start":{"line":81,"column":35},"end":{"line":81,"column":36}},"loc":{"start":{"line":81,"column":66},"end":{"line":83,"column":1}},"line":81}},"branchMap":{},"s":{"0":2,"1":2,"2":2,"3":2,"4":2,"5":0,"6":0,"7":0,"8":0,"9":0,"10":2,"11":0,"12":0,"13":2,"14":7,"15":2,"16":7,"17":2},"f":{"0":0,"1":0,"2":7,"3":7},"b":{},"_coverageSchema":"1a1c01bbd47fc00a2c39e90264f33305004495a9","hash":"b9b36427d670bccf9ac0fec17cf09760f9e2020e"}
}
