TN:
SF:controllers\auth.js
FN:6,(anonymous_0)
FN:30,(anonymous_1)
FN:90,(anonymous_2)
FN:131,(anonymous_3)
FNF:4
FNH:3
FNDA:7,(anonymous_0)
FNDA:0,(anonymous_1)
FNDA:7,(anonymous_2)
FNDA:6,(anonymous_3)
DA:1,2
DA:2,2
DA:3,2
DA:6,2
DA:8,7
DA:10,7
DA:17,7
DA:18,0
DA:21,7
DA:30,2
DA:31,0
DA:32,0
DA:34,0
DA:35,0
DA:41,0
DA:51,0
DA:52,0
DA:53,0
DA:54,0
DA:60,0
DA:63,0
DA:64,0
DA:71,0
DA:74,0
DA:75,0
DA:76,0
DA:81,0
DA:83,0
DA:90,2
DA:91,7
DA:94,7
DA:95,0
DA:100,7
DA:103,7
DA:104,0
DA:110,7
DA:112,7
DA:113,0
DA:118,7
DA:119,7
DA:120,0
DA:125,7
DA:131,2
DA:135,6
DA:139,6
DA:142,6
DA:143,0
DA:150,6
DA:154,6
DA:155,6
DA:156,0
DA:162,6
DA:167,6
LF:53
LH:28
BRDA:17,0,0,0
BRDA:17,0,1,7
BRDA:34,1,0,0
BRDA:34,1,1,0
BRDA:34,2,0,0
BRDA:34,2,1,0
BRDA:34,2,2,0
BRDA:34,2,3,0
BRDA:34,2,4,0
BRDA:53,3,0,0
BRDA:53,3,1,0
BRDA:63,4,0,0
BRDA:63,4,1,0
BRDA:75,5,0,0
BRDA:75,5,1,0
BRDA:94,6,0,0
BRDA:94,6,1,7
BRDA:94,7,0,7
BRDA:94,7,1,7
BRDA:103,8,0,0
BRDA:103,8,1,7
BRDA:112,9,0,0
BRDA:112,9,1,7
BRDA:119,10,0,0
BRDA:119,10,1,7
BRDA:135,11,0,6
BRDA:135,11,1,0
BRDA:136,12,0,6
BRDA:136,12,1,6
BRDA:142,13,0,0
BRDA:142,13,1,6
BRDA:142,14,0,6
BRDA:142,14,1,6
BRDA:155,15,0,0
BRDA:155,15,1,6
BRF:35
BRH:14
end_of_record
TN:
SF:controllers\reviews.js
FN:8,(anonymous_0)
FN:19,(anonymous_1)
FN:30,(anonymous_2)
FN:105,(anonymous_3)
FN:116,(anonymous_4)
FN:127,(anonymous_5)
FN:213,(anonymous_6)
FN:224,(anonymous_7)
FN:235,(anonymous_8)
FN:312,(anonymous_9)
FN:343,(anonymous_10)
FN:401,(anonymous_11)
FN:452,(anonymous_12)
FN:500,(anonymous_13)
FNF:14
FNH:1
FNDA:0,(anonymous_0)
FNDA:0,(anonymous_1)
FNDA:0,(anonymous_2)
FNDA:0,(anonymous_3)
FNDA:0,(anonymous_4)
FNDA:0,(anonymous_5)
FNDA:0,(anonymous_6)
FNDA:0,(anonymous_7)
FNDA:0,(anonymous_8)
FNDA:0,(anonymous_9)
FNDA:0,(anonymous_10)
FNDA:0,(anonymous_11)
FNDA:7,(anonymous_12)
FNDA:0,(anonymous_13)
DA:1,1
DA:2,1
DA:3,1
DA:8,1
DA:9,0
DA:13,0
DA:16,0
DA:19,0
DA:21,0
DA:22,0
DA:25,0
DA:28,0
DA:30,0
DA:33,0
DA:35,0
DA:36,0
DA:39,0
DA:49,0
DA:50,0
DA:51,0
DA:54,0
DA:55,0
DA:56,0
DA:58,0
DA:61,0
DA:62,0
DA:63,0
DA:64,0
DA:65,0
DA:67,0
DA:70,0
DA:73,0
DA:76,0
DA:77,0
DA:83,0
DA:84,0
DA:90,0
DA:97,0
DA:98,0
DA:105,1
DA:106,0
DA:110,0
DA:113,0
DA:116,0
DA:118,0
DA:119,0
DA:122,0
DA:125,0
DA:127,0
DA:130,0
DA:132,0
DA:133,0
DA:137,0
DA:138,0
DA:139,0
DA:142,0
DA:147,0
DA:157,0
DA:158,0
DA:159,0
DA:162,0
DA:163,0
DA:164,0
DA:166,0
DA:169,0
DA:170,0
DA:171,0
DA:172,0
DA:173,0
DA:175,0
DA:178,0
DA:181,0
DA:184,0
DA:185,0
DA:191,0
DA:192,0
DA:198,0
DA:206,0
DA:213,1
DA:214,0
DA:218,0
DA:221,0
DA:224,0
DA:226,0
DA:227,0
DA:230,0
DA:233,0
DA:235,0
DA:238,0
DA:240,0
DA:242,0
DA:243,0
DA:246,0
DA:256,0
DA:257,0
DA:258,0
DA:261,0
DA:262,0
DA:263,0
DA:265,0
DA:268,0
DA:269,0
DA:270,0
DA:271,0
DA:272,0
DA:274,0
DA:277,0
DA:280,0
DA:283,0
DA:284,0
DA:290,0
DA:291,0
DA:297,0
DA:304,0
DA:305,0
DA:312,1
DA:313,0
DA:314,0
DA:324,0
DA:325,0
DA:331,0
DA:336,0
DA:343,1
DA:344,0
DA:346,0
DA:347,0
DA:348,0
DA:353,0
DA:360,0
DA:364,0
DA:365,0
DA:372,0
DA:373,0
DA:374,0
DA:375,0
DA:377,0
DA:389,0
DA:391,0
DA:394,0
DA:401,1
DA:402,0
DA:403,0
DA:405,0
DA:406,0
DA:411,0
DA:412,0
DA:418,0
DA:423,0
DA:425,0
DA:427,0
DA:428,0
DA:429,0
DA:440,0
DA:442,0
DA:445,0
DA:452,1
DA:453,7
DA:454,7
DA:458,7
DA:459,1
DA:466,6
DA:467,4
DA:474,2
DA:475,1
DA:481,1
DA:490,1
DA:493,0
DA:500,1
DA:501,0
DA:502,0
DA:511,0
DA:512,0
DA:518,0
DA:520,0
DA:521,0
LF:175
LH:21
BRDA:21,0,0,0
BRDA:21,0,1,0
BRDA:35,1,0,0
BRDA:35,1,1,0
BRDA:49,2,0,0
BRDA:49,2,1,0
BRDA:54,3,0,0
BRDA:54,3,1,0
BRDA:61,4,0,0
BRDA:61,4,1,0
BRDA:62,5,0,0
BRDA:62,5,1,0
BRDA:76,6,0,0
BRDA:76,6,1,0
BRDA:83,7,0,0
BRDA:83,7,1,0
BRDA:118,8,0,0
BRDA:118,8,1,0
BRDA:132,9,0,0
BRDA:132,9,1,0
BRDA:157,10,0,0
BRDA:157,10,1,0
BRDA:162,11,0,0
BRDA:162,11,1,0
BRDA:169,12,0,0
BRDA:169,12,1,0
BRDA:170,13,0,0
BRDA:170,13,1,0
BRDA:184,14,0,0
BRDA:184,14,1,0
BRDA:191,15,0,0
BRDA:191,15,1,0
BRDA:226,16,0,0
BRDA:226,16,1,0
BRDA:242,17,0,0
BRDA:242,17,1,0
BRDA:256,18,0,0
BRDA:256,18,1,0
BRDA:261,19,0,0
BRDA:261,19,1,0
BRDA:268,20,0,0
BRDA:268,20,1,0
BRDA:269,21,0,0
BRDA:269,21,1,0
BRDA:283,22,0,0
BRDA:283,22,1,0
BRDA:290,23,0,0
BRDA:290,23,1,0
BRDA:324,24,0,0
BRDA:324,24,1,0
BRDA:347,25,0,0
BRDA:347,25,1,0
BRDA:364,26,0,0
BRDA:364,26,1,0
BRDA:373,27,0,0
BRDA:373,27,1,0
BRDA:405,28,0,0
BRDA:405,28,1,0
BRDA:411,29,0,0
BRDA:411,29,1,0
BRDA:411,30,0,0
BRDA:411,30,1,0
BRDA:427,31,0,0
BRDA:427,31,1,0
BRDA:458,32,0,1
BRDA:458,32,1,6
BRDA:466,33,0,4
BRDA:466,33,1,2
BRDA:474,34,0,1
BRDA:474,34,1,1
BRDA:511,35,0,0
BRDA:511,35,1,0
BRF:72
BRH:6
end_of_record
TN:
SF:controllers\users.js
FN:8,(anonymous_0)
FN:22,(anonymous_1)
FN:42,(anonymous_2)
FN:53,(anonymous_3)
FN:60,(anonymous_4)
FN:120,(anonymous_5)
FN:155,(anonymous_6)
FN:190,(anonymous_7)
FN:224,(anonymous_8)
FN:251,(anonymous_9)
FN:273,(anonymous_10)
FN:295,(anonymous_11)
FN:332,(anonymous_12)
FN:343,(anonymous_13)
FN:350,(anonymous_14)
FN:412,(anonymous_15)
FN:450,(anonymous_16)
FN:488,(anonymous_17)
FNF:18
FNH:2
FNDA:0,(anonymous_0)
FNDA:0,(anonymous_1)
FNDA:0,(anonymous_2)
FNDA:0,(anonymous_3)
FNDA:0,(anonymous_4)
FNDA:0,(anonymous_5)
FNDA:0,(anonymous_6)
FNDA:0,(anonymous_7)
FNDA:1,(anonymous_8)
FNDA:0,(anonymous_9)
FNDA:0,(anonymous_10)
FNDA:4,(anonymous_11)
FNDA:0,(anonymous_12)
FNDA:0,(anonymous_13)
FNDA:0,(anonymous_14)
FNDA:0,(anonymous_15)
FNDA:0,(anonymous_16)
FNDA:0,(anonymous_17)
DA:1,1
DA:2,1
DA:3,1
DA:8,1
DA:9,0
DA:10,0
DA:12,0
DA:15,0
DA:22,1
DA:23,0
DA:24,0
DA:26,0
DA:27,0
DA:32,0
DA:35,0
DA:42,1
DA:43,0
DA:47,0
DA:50,0
DA:53,0
DA:55,0
DA:58,0
DA:60,0
DA:62,0
DA:65,0
DA:66,0
DA:67,0
DA:71,0
DA:72,0
DA:73,0
DA:75,0
DA:79,0
DA:80,0
DA:81,0
DA:82,0
DA:83,0
DA:85,0
DA:88,0
DA:91,0
DA:94,0
DA:95,0
DA:101,0
DA:102,0
DA:108,0
DA:113,0
DA:120,1
DA:121,0
DA:123,0
DA:125,0
DA:126,0
DA:133,0
DA:134,0
DA:139,0
DA:140,0
DA:145,0
DA:148,0
DA:155,1
DA:156,0
DA:158,0
DA:160,0
DA:161,0
DA:168,0
DA:169,0
DA:174,0
DA:175,0
DA:180,0
DA:183,0
DA:190,1
DA:191,0
DA:192,0
DA:193,0
DA:195,0
DA:196,0
DA:202,0
DA:203,0
DA:208,0
DA:209,0
DA:214,0
DA:217,0
DA:224,1
DA:225,1
DA:226,1
DA:235,1
DA:236,0
DA:241,1
DA:244,0
DA:251,1
DA:252,0
DA:253,0
DA:255,0
DA:256,0
DA:261,0
DA:263,0
DA:266,0
DA:273,1
DA:274,0
DA:275,0
DA:277,0
DA:278,0
DA:283,0
DA:285,0
DA:288,0
DA:295,1
DA:296,4
DA:297,4
DA:299,4
DA:300,0
DA:305,4
DA:306,2
DA:309,2
DA:310,1
DA:313,1
DA:322,1
DA:324,0
DA:325,0
DA:332,1
DA:333,0
DA:337,0
DA:340,0
DA:343,0
DA:345,0
DA:348,0
DA:350,0
DA:352,0
DA:353,0
DA:354,0
DA:357,0
DA:358,0
DA:359,0
DA:363,0
DA:364,0
DA:365,0
DA:367,0
DA:371,0
DA:372,0
DA:373,0
DA:374,0
DA:375,0
DA:377,0
DA:380,0
DA:383,0
DA:386,0
DA:387,0
DA:393,0
DA:394,0
DA:400,0
DA:405,0
DA:412,1
DA:413,0
DA:414,0
DA:415,0
DA:416,0
DA:420,0
DA:421,0
DA:422,0
DA:426,0
DA:427,0
DA:431,0
DA:436,0
DA:441,0
DA:450,1
DA:451,0
DA:452,0
DA:453,0
DA:454,0
DA:458,0
DA:459,0
DA:460,0
DA:464,0
DA:465,0
DA:469,0
DA:474,0
DA:479,0
DA:488,1
DA:489,0
DA:490,0
DA:492,0
DA:493,0
DA:498,0
DA:502,0
DA:509,0
LF:181
LH:30
BRDA:26,0,0,0
BRDA:26,0,1,0
BRDA:65,1,0,0
BRDA:65,1,1,0
BRDA:71,2,0,0
BRDA:71,2,1,0
BRDA:79,3,0,0
BRDA:79,3,1,0
BRDA:80,4,0,0
BRDA:80,4,1,0
BRDA:94,5,0,0
BRDA:94,5,1,0
BRDA:101,6,0,0
BRDA:101,6,1,0
BRDA:125,7,0,0
BRDA:125,7,1,0
BRDA:139,8,0,0
BRDA:139,8,1,0
BRDA:160,9,0,0
BRDA:160,9,1,0
BRDA:174,10,0,0
BRDA:174,10,1,0
BRDA:195,11,0,0
BRDA:195,11,1,0
BRDA:195,12,0,0
BRDA:195,12,1,0
BRDA:208,13,0,0
BRDA:208,13,1,0
BRDA:235,14,0,0
BRDA:235,14,1,1
BRDA:255,15,0,0
BRDA:255,15,1,0
BRDA:277,16,0,0
BRDA:277,16,1,0
BRDA:299,17,0,0
BRDA:299,17,1,4
BRDA:305,18,0,2
BRDA:305,18,1,2
BRDA:309,19,0,1
BRDA:309,19,1,1
BRDA:357,20,0,0
BRDA:357,20,1,0
BRDA:363,21,0,0
BRDA:363,21,1,0
BRDA:371,22,0,0
BRDA:371,22,1,0
BRDA:372,23,0,0
BRDA:372,23,1,0
BRDA:386,24,0,0
BRDA:386,24,1,0
BRDA:393,25,0,0
BRDA:393,25,1,0
BRDA:415,26,0,0
BRDA:415,26,1,0
BRDA:421,27,0,0
BRDA:421,27,1,0
BRDA:426,28,0,0
BRDA:426,28,1,0
BRDA:453,29,0,0
BRDA:453,29,1,0
BRDA:459,30,0,0
BRDA:459,30,1,0
BRDA:464,31,0,0
BRDA:464,31,1,0
BRDA:492,32,0,0
BRDA:492,32,1,0
BRF:66
BRH:6
end_of_record
TN:
SF:models\Campground.js
FN:78,(anonymous_0)
FNF:1
FNH:0
FNDA:0,(anonymous_0)
DA:1,2
DA:3,2
DA:75,2
DA:79,0
DA:80,0
DA:81,0
DA:82,0
DA:83,0
DA:87,0
DA:91,2
LF:10
LH:4
BRF:0
BRH:0
end_of_record
TN:
SF:models\Log.js
FNF:0
FNH:0
DA:1,2
DA:3,2
DA:16,2
LF:3
LH:3
BRF:0
BRH:0
end_of_record
TN:
SF:models\Review.js
FNF:0
FNH:0
DA:1,1
DA:3,1
DA:30,1
LF:3
LH:3
BRF:0
BRH:0
end_of_record
TN:
SF:models\User.js
FN:56,(anonymous_0)
FN:66,(anonymous_1)
FN:72,(anonymous_2)
FN:81,(anonymous_3)
FNF:4
FNH:2
FNDA:0,(anonymous_0)
FNDA:0,(anonymous_1)
FNDA:7,(anonymous_2)
FNDA:7,(anonymous_3)
DA:1,2
DA:2,2
DA:3,2
DA:5,2
DA:53,2
DA:57,0
DA:58,0
DA:59,0
DA:60,0
DA:61,0
DA:66,2
DA:67,0
DA:68,0
DA:72,2
DA:73,7
DA:81,2
DA:82,7
DA:85,2
LF:18
LH:11
BRF:0
BRH:0
end_of_record
